<?xml version="1.0" encoding="UTF-8"?>
<testng-results ignored="0" total="1" passed="1" failed="0" skipped="0">
  <reporter-output>
  </reporter-output>
  <suite started-at="2020-03-05T04:04:22Z" name="Default suite" finished-at="2020-03-05T04:04:22Z" duration-ms="56">
    <groups>
    </groups>
    <test started-at="2020-03-05T04:04:22Z" name="Default test" finished-at="2020-03-05T04:04:22Z" duration-ms="56">
      <class name="com.inter.gatandset$A">
        <test-method signature="set()[pri:0, instance:com.inter.gatandset$A@4c39bec8]" started-at="2020-03-05T04:04:22Z" name="set" finished-at="2020-03-05T04:04:22Z" duration-ms="16" status="PASS">
          <reporter-output>
          </reporter-output>
        </test-method> <!-- set -->
      </class> <!-- com.inter.gatandset$A -->
    </test> <!-- Default test -->
  </suite> <!-- Default suite -->
</testng-results>
